[2026-03-19 20:06:31] [SUCCESS] [AUTH] SUCCESS: user1
[2026-03-19 20:07:08] [SUCCESS] [AUTH] SUCCESS: user2
[2026-03-19 20:07:24] [SUCCESS] [AUTH] SUCCESS: user3
[2026-03-19 20:08:02] [ADMIN] [AUTH] ADMIN: admin
[2026-03-19 20:11:51] [SUCCESS] [AUTH] SUCCESS: user4
[2026-03-19 20:12:09] [ADMIN] [AUTH] ADMIN: admin
[2026-03-19 20:17:32] [SUCCESS] [AUTH] SUCCESS: user5
[2026-03-19 20:17:46] [ADMIN] [AUTH] ADMIN: admin
[2026-03-19 20:22:54] [SUCCESS] [AUTH] SUCCESS: user6
[2026-03-19 20:22:59] [SUCCESS] [AUTH] SUCCESS: user6
[2026-03-19 20:22:59] [SUCCESS] [AUTH] SUCCESS: user6
[2026-03-19 20:23:47] [ADMIN] [AUTH] ADMIN: admin
[2026-03-19 21:39:05] [SUCCESS] [AUTH] SUCCESS: useer6
[2026-03-19 21:39:13] [FAIL] [AUTH] FAIL: Wrong password user6
[2026-03-19 21:39:13] [FAIL] [AUTH] FAIL: Wrong password user6
[2026-03-19 21:39:27] [SUCCESS] [AUTH] SUCCESS: user7
[2026-03-19 21:39:35] [SUCCESS] [AUTH] SUCCESS: user7
[2026-03-19 21:39:35] [SUCCESS] [AUTH] SUCCESS: user7
[2026-03-19 21:49:31] [SUCCESS] [AUTH] SUCCESS: user1
[2026-03-19 21:49:37] [SUCCESS] [AUTH] SUCCESS: user1
[2026-03-19 21:49:37] [SUCCESS] [AUTH] SUCCESS: user1
[2026-03-19 21:49:56] [SUCCESS] [AUTH] SUCCESS: user1
[2026-03-19 21:49:56] [SUCCESS] [AUTH] SUCCESS: user1
[2026-03-19 21:50:16] [ADMIN] [AUTH] ADMIN: admin
[2026-03-19 21:54:56] [SUCCESS] [AUTH] SUCCESS: user2
[2026-03-19 21:55:07] [ADMIN] [AUTH] ADMIN: admin
[2026-03-19 21:56:09] [ADMIN] [AUTH] ADMIN: admin
[2026-03-19 21:57:47] [SUCCESS] [AUTH] SUCCESS: user3
[2026-03-19 21:57:55] [ADMIN] [AUTH] ADMIN: admin
[2026-03-19 21:58:49] [SUCCESS] [AUTH] SUCCESS: user2
[2026-03-19 21:58:49] [SUCCESS] [AUTH] SUCCESS: user2
[2026-03-19 22:40:55] [SUCCESS] [AUTH] SUCCESS: USER8
[2026-03-19 22:41:01] [SUCCESS] [AUTH] SUCCESS: USER8
[2026-03-19 22:41:01] [SUCCESS] [AUTH] SUCCESS: USER8
[2026-03-19 22:41:01] [SUCCESS] [AUTH] SUCCESS: USER8
[2026-03-19 22:41:10] [SUCCESS] [AUTH] SUCCESS: user2
[2026-03-19 22:41:10] [SUCCESS] [AUTH] SUCCESS: user2
[2026-03-19 22:41:10] [SUCCESS] [AUTH] SUCCESS: user2
[2026-03-19 22:41:28] [SUCCESS] [AUTH] SUCCESS: user2
[2026-03-19 22:41:28] [SUCCESS] [AUTH] SUCCESS: user2
[2026-03-19 22:41:28] [SUCCESS] [AUTH] SUCCESS: user2
[2026-03-19 22:41:41] [SUCCESS] [AUTH] SUCCESS: user3
[2026-03-19 22:41:41] [SUCCESS] [AUTH] SUCCESS: user3
[2026-03-19 22:41:41] [SUCCESS] [AUTH] SUCCESS: user3
[2026-03-19 22:41:55] [ADMIN] [AUTH] ADMIN: admin
[2026-03-19 22:43:15] [ADMIN] [AUTH] ADMIN: admin
[2026-03-19 22:43:34] [SUCCESS] [AUTH] SUCCESS: user3
[2026-03-19 22:43:34] [SUCCESS] [AUTH] SUCCESS: user3
[2026-03-19 22:43:34] [SUCCESS] [AUTH] SUCCESS: user3
[2026-03-19 22:43:45] [ADMIN] [AUTH] ADMIN: admin
[2026-03-19 22:44:34] [SUCCESS] [AUTH] SUCCESS: user2
[2026-03-19 22:44:34] [SUCCESS] [AUTH] SUCCESS: user2
[2026-03-19 22:44:34] [SUCCESS] [AUTH] SUCCESS: user2
[2026-03-19 22:44:42] [ADMIN] [AUTH] ADMIN: admin
[2026-03-19 22:45:31] [SUCCESS] [AUTH] SUCCESS: user1
[2026-03-19 22:45:31] [SUCCESS] [AUTH] SUCCESS: user1
[2026-03-19 22:45:31] [SUCCESS] [AUTH] SUCCESS: user1
[2026-03-19 22:56:02] [ADMIN] [AUTH] ADMIN: admin
[2026-03-19 22:56:11] [SUCCESS] [AUTH] SUCCESS: user1
[2026-03-19 22:56:11] [SUCCESS] [AUTH] SUCCESS: user1
[2026-03-19 22:56:33] [SUCCESS] [AUTH] SUCCESS: user3
[2026-03-19 22:56:39] [SUCCESS] [AUTH] SUCCESS: user1
[2026-03-19 22:56:39] [SUCCESS] [AUTH] SUCCESS: user1
